\BOOKMARK [0][]{chapter.1}{1 Einleitung}{}% 1
\BOOKMARK [0][]{chapter.2}{2 Aufgabenanalyse}{}% 2
\BOOKMARK [1][]{section.7}{2.1 Zusatzaufgabe}{chapter.2}% 3
\BOOKMARK [0][]{chapter.8}{3 Benutzerhandbuch}{}% 4
\BOOKMARK [1][]{section.9}{3.1 Reset}{chapter.8}% 5
\BOOKMARK [1][]{section.10}{3.2 Anwendung}{chapter.8}% 6
\BOOKMARK [0][]{chapter.11}{4 Implementierung}{}% 7
\BOOKMARK [1][]{section.12}{4.1 DoubleEdgeDetector}{chapter.11}% 8
\BOOKMARK [1][]{section.13}{4.2 Transmitter}{chapter.11}% 9
\BOOKMARK [1][]{section.15}{4.3 Receiver}{chapter.11}% 10
\BOOKMARK [1][]{section.16}{4.4 Transceiver}{chapter.11}% 11
\BOOKMARK [1][]{section.18}{4.5 Keyboard}{chapter.11}% 12
\BOOKMARK [1][]{section.19}{4.6 Crypto}{chapter.11}% 13
\BOOKMARK [1][]{section.20}{4.7 RamAccess}{chapter.11}% 14
\BOOKMARK [1][]{section.22}{4.8 Ram}{chapter.11}% 15
\BOOKMARK [1][]{section.23}{4.9 Display}{chapter.11}% 16
\BOOKMARK [2][]{subsection.25}{4.9.1 Prozesse}{section.23}% 17
\BOOKMARK [2][]{subsection.26}{4.9.2 Displaytakt}{section.23}% 18
\BOOKMARK [2][]{subsection.27}{4.9.3 Initialisierung}{section.23}% 19
\BOOKMARK [2][]{subsection.28}{4.9.4 Zeichen schreiben}{section.23}% 20
\BOOKMARK [1][]{section.29}{4.10 CryptoNotepad}{chapter.11}% 21
\BOOKMARK [0][]{chapter.31}{5 Test}{}% 22
\BOOKMARK [1][]{section.32}{5.1 DoubleEdgeDetector\137tb}{chapter.31}% 23
\BOOKMARK [1][]{section.34}{5.2 Transceiver\137tb\137receiver}{chapter.31}% 24
\BOOKMARK [1][]{section.36}{5.3 Transceiver\137tb\137transmitter}{chapter.31}% 25
\BOOKMARK [1][]{section.39}{5.4 Keyboard\137tb}{chapter.31}% 26
\BOOKMARK [1][]{section.41}{5.5 RamAccess\137tb}{chapter.31}% 27
\BOOKMARK [1][]{section.43}{5.6 CryptoNotepad\137tb}{chapter.31}% 28
\BOOKMARK [0][]{chapter.45}{6 Fazit}{}% 29
